2021-01-29 20:54:45 INFO  Benchmark_Timer - Begin run: testWaitPeriods with 2 runs
2021-01-29 20:55:13 INFO  Benchmark_Timer - Begin run: testWaitPeriods with 2 runs
2021-01-29 21:00:02 INFO  Benchmark_Timer - Begin run: testWaitPeriods with 2 runs
2021-01-29 21:06:59 INFO  Benchmark_Timer - Begin run: testWaitPeriods with 2 runs
2021-01-29 21:08:29 INFO  Benchmark_Timer - Begin run: testWaitPeriods with 2 runs
2021-01-29 21:09:03 INFO  Benchmark_Timer - Begin run: testWaitPeriods with 2 runs
2021-01-29 21:10:22 INFO  Benchmark_Timer - Begin run: testWaitPeriods with 2 runs
2021-01-29 21:16:09 INFO  Benchmark_Timer - Begin run: testWaitPeriods with 2 runs
2021-01-29 21:16:56 INFO  Benchmark_Timer - Begin run: testWaitPeriods with 2 runs
2021-01-29 21:17:41 INFO  Benchmark_Timer - Begin run: testWaitPeriods with 2 runs
2021-01-29 21:17:50 INFO  Benchmark_Timer - Begin run: testWaitPeriods with 2 runs
2021-01-29 21:18:17 INFO  Benchmark_Timer - Begin run: testWaitPeriods with 2 runs
2021-01-29 21:18:59 INFO  Benchmark_Timer - Begin run: testWaitPeriods with 2 runs
2021-01-29 21:20:27 INFO  Benchmark_Timer - Begin run: testWaitPeriods with 2 runs
2021-01-29 21:20:41 INFO  Benchmark_Timer - Begin run: testWaitPeriods with 2 runs
2021-01-29 21:21:43 INFO  Benchmark_Timer - Begin run: testWaitPeriods with 2 runs
2021-01-29 21:21:57 INFO  Benchmark_Timer - Begin run: testWaitPeriods with 2 runs
2021-01-29 21:26:51 INFO  Benchmark_Timer - Begin run: testWaitPeriods with 2 runs
2021-01-29 21:28:39 INFO  Benchmark_Timer - Begin run: testWaitPeriods with 2 runs
2021-01-29 21:28:55 INFO  Benchmark_Timer - Begin run: testWaitPeriods with 2 runs
2021-01-29 21:36:11 INFO  Benchmark_Timer - Begin run: testWaitPeriods with 2 runs
2021-01-29 21:38:44 INFO  Benchmark_Timer - Begin run: testWaitPeriods with 2 runs
2021-01-29 21:49:21 INFO  Benchmark_Timer - Begin run: testWaitPeriods with 2 runs
2021-01-29 21:49:38 INFO  Benchmark_Timer - Begin run: testWaitPeriods with 2 runs
2021-01-29 21:58:19 INFO  Benchmark_Timer - Begin run: testWaitPeriods with 2 runs
2021-01-29 22:07:31 INFO  Benchmark_Timer - Begin run: testWaitPeriods with 2 runs
2021-01-29 22:25:06 DEBUG Config - Config.get(helper, instrument) = true
2021-01-29 22:25:06 DEBUG Config - Config.get(helper, seed) = 0
2021-01-29 22:25:06 DEBUG Config - Config.get(instrumenting, copies) = true
2021-01-29 22:25:06 DEBUG Config - Config.get(instrumenting, swaps) = true
2021-01-29 22:25:06 DEBUG Config - Config.get(instrumenting, compares) = true
2021-01-29 22:25:06 DEBUG Config - Config.get(instrumenting, inversions) = 1
2021-01-29 22:25:06 DEBUG Config - Config.get(instrumenting, fixes) = true
2021-01-29 22:25:06 DEBUG Config - Config.get(helper, cutoff) = 
2021-01-29 22:25:06 INFO  Benchmark_Timer - Begin run: testWaitPeriods with 2 runs
2021-01-29 22:27:12 DEBUG Config - Config.get(helper, instrument) = true
2021-01-29 22:27:12 DEBUG Config - Config.get(helper, seed) = 0
2021-01-29 22:27:12 DEBUG Config - Config.get(instrumenting, copies) = true
2021-01-29 22:27:12 DEBUG Config - Config.get(instrumenting, swaps) = true
2021-01-29 22:27:12 DEBUG Config - Config.get(instrumenting, compares) = true
2021-01-29 22:27:12 DEBUG Config - Config.get(instrumenting, inversions) = 1
2021-01-29 22:27:12 DEBUG Config - Config.get(instrumenting, fixes) = true
2021-01-29 22:27:12 DEBUG Config - Config.get(helper, cutoff) = 
2021-01-29 22:27:12 INFO  Benchmark_Timer - Begin run: testWaitPeriods with 2 runs
2021-01-29 22:27:13 DEBUG Config - Config.get(main, version) = 1.0.0 (test)
2021-01-29 22:27:21 DEBUG Config - Config.get(helper, instrument) = true
2021-01-29 22:27:21 DEBUG Config - Config.get(helper, seed) = 0
2021-01-29 22:27:21 DEBUG Config - Config.get(instrumenting, copies) = true
2021-01-29 22:27:21 DEBUG Config - Config.get(instrumenting, swaps) = true
2021-01-29 22:27:21 DEBUG Config - Config.get(instrumenting, compares) = true
2021-01-29 22:27:21 DEBUG Config - Config.get(instrumenting, inversions) = 1
2021-01-29 22:27:21 DEBUG Config - Config.get(instrumenting, fixes) = true
2021-01-29 22:27:21 DEBUG Config - Config.get(helper, cutoff) = 
2021-01-29 22:27:21 INFO  Benchmark_Timer - Begin run: testWaitPeriods with 2 runs
2021-01-29 22:27:22 DEBUG Config - Config.get(main, version) = 1.0.0 (test)
2021-01-29 22:28:44 DEBUG Config - Config.get(helper, instrument) = true
2021-01-29 22:28:44 DEBUG Config - Config.get(helper, seed) = 0
2021-01-29 22:28:44 DEBUG Config - Config.get(instrumenting, copies) = true
2021-01-29 22:28:44 DEBUG Config - Config.get(instrumenting, swaps) = true
2021-01-29 22:28:44 DEBUG Config - Config.get(instrumenting, compares) = true
2021-01-29 22:28:44 DEBUG Config - Config.get(instrumenting, inversions) = 1
2021-01-29 22:28:44 DEBUG Config - Config.get(instrumenting, fixes) = true
2021-01-29 22:28:44 DEBUG Config - Config.get(helper, cutoff) = 
2021-01-29 22:28:44 INFO  Benchmark_Timer - Begin run: testWaitPeriods with 2 runs
2021-01-29 22:28:45 DEBUG Config - Config.get(main, version) = 1.0.0 (test)
2021-01-29 22:33:18 DEBUG Config - Config.get(helper, instrument) = true
2021-01-29 22:33:18 DEBUG Config - Config.get(helper, seed) = 0
2021-01-29 22:33:18 DEBUG Config - Config.get(instrumenting, copies) = true
2021-01-29 22:33:18 DEBUG Config - Config.get(instrumenting, swaps) = true
2021-01-29 22:33:18 DEBUG Config - Config.get(instrumenting, compares) = true
2021-01-29 22:33:18 DEBUG Config - Config.get(instrumenting, inversions) = 1
2021-01-29 22:33:18 DEBUG Config - Config.get(instrumenting, fixes) = true
2021-01-29 22:33:18 DEBUG Config - Config.get(helper, cutoff) = 
2021-01-29 22:33:18 INFO  Benchmark_Timer - Begin run: testWaitPeriods with 2 runs
2021-01-29 22:33:19 DEBUG Config - Config.get(main, version) = 1.0.0 (test)
2021-01-29 22:34:02 DEBUG Config - Config.get(helper, instrument) = true
2021-01-29 22:34:02 DEBUG Config - Config.get(helper, seed) = 0
2021-01-29 22:34:02 DEBUG Config - Config.get(instrumenting, copies) = true
2021-01-29 22:34:02 DEBUG Config - Config.get(instrumenting, swaps) = true
2021-01-29 22:34:02 DEBUG Config - Config.get(instrumenting, compares) = true
2021-01-29 22:34:02 DEBUG Config - Config.get(instrumenting, inversions) = 1
2021-01-29 22:34:02 DEBUG Config - Config.get(instrumenting, fixes) = true
2021-01-29 22:34:02 DEBUG Config - Config.get(helper, cutoff) = 
2021-01-29 22:38:38 INFO  Benchmark_Timer - Begin run: testWaitPeriods with 2 runs
2021-01-29 22:38:40 DEBUG Config - Config.get(helper, seed) = 
2021-01-29 22:38:40 DEBUG Config - Config.get(helper, instrument) = true
2021-01-29 22:38:40 DEBUG Config - Config.get(instrumenting, inversions) = 10
2021-01-29 22:38:40 DEBUG Config - Config.get(main, version) = 1.0.0 (test)
2021-01-29 22:39:58 DEBUG Config - Config.get(helper, instrument) = true
2021-01-29 22:39:58 DEBUG Config - Config.get(helper, seed) = 0
2021-01-29 22:39:58 DEBUG Config - Config.get(instrumenting, copies) = true
2021-01-29 22:39:58 DEBUG Config - Config.get(instrumenting, swaps) = true
2021-01-29 22:39:58 DEBUG Config - Config.get(instrumenting, compares) = true
2021-01-29 22:39:58 DEBUG Config - Config.get(instrumenting, inversions) = 1
2021-01-29 22:39:58 DEBUG Config - Config.get(instrumenting, fixes) = true
2021-01-29 22:39:58 DEBUG Config - Config.get(helper, cutoff) = 
2021-01-29 22:41:04 DEBUG Config - Config.get(helper, instrument) = true
2021-01-29 22:41:04 DEBUG Config - Config.get(helper, seed) = 0
2021-01-29 22:41:04 DEBUG Config - Config.get(instrumenting, copies) = true
2021-01-29 22:41:04 DEBUG Config - Config.get(instrumenting, swaps) = true
2021-01-29 22:41:04 DEBUG Config - Config.get(instrumenting, compares) = true
2021-01-29 22:41:04 DEBUG Config - Config.get(instrumenting, inversions) = 1
2021-01-29 22:41:04 DEBUG Config - Config.get(instrumenting, fixes) = true
2021-01-29 22:41:04 DEBUG Config - Config.get(helper, cutoff) = 
2021-01-29 22:41:04 INFO  Benchmark_Timer - Begin run: testWaitPeriods with 2 runs
2021-01-29 22:41:05 DEBUG Config - Config.get(main, version) = 1.0.0 (test)
2021-01-29 22:41:13 DEBUG Config - Config.get(helper, instrument) = true
2021-01-29 22:41:13 DEBUG Config - Config.get(helper, seed) = 0
2021-01-29 22:41:13 DEBUG Config - Config.get(instrumenting, copies) = true
2021-01-29 22:41:13 DEBUG Config - Config.get(instrumenting, swaps) = true
2021-01-29 22:41:13 DEBUG Config - Config.get(instrumenting, compares) = true
2021-01-29 22:41:13 DEBUG Config - Config.get(instrumenting, inversions) = 1
2021-01-29 22:41:13 DEBUG Config - Config.get(instrumenting, fixes) = true
2021-01-29 22:41:13 DEBUG Config - Config.get(helper, cutoff) = 
2021-01-29 22:41:13 INFO  Benchmark_Timer - Begin run: testWaitPeriods with 2 runs
2021-01-29 22:41:14 DEBUG Config - Config.get(main, version) = 1.0.0 (test)
2021-01-29 23:38:24 DEBUG Config - Config.get(helper, instrument) = true
2021-01-29 23:38:24 DEBUG Config - Config.get(helper, seed) = 0
2021-01-29 23:38:24 DEBUG Config - Config.get(instrumenting, copies) = true
2021-01-29 23:38:24 DEBUG Config - Config.get(instrumenting, swaps) = true
2021-01-29 23:38:24 DEBUG Config - Config.get(instrumenting, compares) = true
2021-01-29 23:38:24 DEBUG Config - Config.get(instrumenting, inversions) = 1
2021-01-29 23:38:24 DEBUG Config - Config.get(instrumenting, fixes) = true
2021-01-29 23:38:24 DEBUG Config - Config.get(helper, cutoff) = 
2021-01-29 23:41:28 DEBUG Config - Config.get(helper, instrument) = true
2021-01-29 23:41:28 DEBUG Config - Config.get(helper, seed) = 0
2021-01-29 23:41:28 DEBUG Config - Config.get(instrumenting, copies) = true
2021-01-29 23:41:28 DEBUG Config - Config.get(instrumenting, swaps) = true
2021-01-29 23:41:28 DEBUG Config - Config.get(instrumenting, compares) = true
2021-01-29 23:41:28 DEBUG Config - Config.get(instrumenting, inversions) = 1
2021-01-29 23:41:28 DEBUG Config - Config.get(instrumenting, fixes) = true
2021-01-29 23:41:28 DEBUG Config - Config.get(helper, cutoff) = 
2021-01-29 23:42:00 DEBUG Config - Config.get(helper, instrument) = true
2021-01-29 23:42:00 DEBUG Config - Config.get(helper, seed) = 0
2021-01-29 23:42:00 DEBUG Config - Config.get(instrumenting, copies) = true
2021-01-29 23:42:00 DEBUG Config - Config.get(instrumenting, swaps) = true
2021-01-29 23:42:00 DEBUG Config - Config.get(instrumenting, compares) = true
2021-01-29 23:42:00 DEBUG Config - Config.get(instrumenting, inversions) = 1
2021-01-29 23:42:00 DEBUG Config - Config.get(instrumenting, fixes) = true
2021-01-29 23:42:00 DEBUG Config - Config.get(helper, cutoff) = 
2021-01-29 23:42:05 DEBUG Config - Config.get(helper, instrument) = true
2021-01-29 23:42:05 DEBUG Config - Config.get(helper, seed) = 0
2021-01-29 23:42:05 DEBUG Config - Config.get(instrumenting, copies) = true
2021-01-29 23:42:05 DEBUG Config - Config.get(instrumenting, swaps) = true
2021-01-29 23:42:05 DEBUG Config - Config.get(instrumenting, compares) = true
2021-01-29 23:42:05 DEBUG Config - Config.get(instrumenting, inversions) = 1
2021-01-29 23:42:05 DEBUG Config - Config.get(instrumenting, fixes) = true
2021-01-29 23:42:05 DEBUG Config - Config.get(helper, cutoff) = 
2021-01-29 23:42:05 INFO  Benchmark_Timer - Begin run: testWaitPeriods with 2 runs
2021-01-29 23:42:06 DEBUG Config - Config.get(main, version) = 1.0.0 (test)
2021-01-30 00:01:16 DEBUG Config - Config.get(helper, instrument) = true
2021-01-30 00:01:16 DEBUG Config - Config.get(helper, seed) = 0
2021-01-30 00:01:16 DEBUG Config - Config.get(instrumenting, copies) = true
2021-01-30 00:01:16 DEBUG Config - Config.get(instrumenting, swaps) = true
2021-01-30 00:01:16 DEBUG Config - Config.get(instrumenting, compares) = true
2021-01-30 00:01:16 DEBUG Config - Config.get(instrumenting, inversions) = 1
2021-01-30 00:01:16 DEBUG Config - Config.get(instrumenting, fixes) = true
2021-01-30 00:01:16 DEBUG Config - Config.get(helper, cutoff) = 
2021-01-30 00:01:16 INFO  Benchmark_Timer - Begin run: testWaitPeriods with 2 runs
2021-01-30 00:01:18 DEBUG Config - Config.get(main, version) = 1.0.0 (test)
2021-01-30 00:03:15 DEBUG Config - Config.get(helper, instrument) = true
2021-01-30 00:03:15 DEBUG Config - Config.get(helper, seed) = 0
2021-01-30 00:03:15 DEBUG Config - Config.get(instrumenting, copies) = true
2021-01-30 00:03:15 DEBUG Config - Config.get(instrumenting, swaps) = true
2021-01-30 00:03:15 DEBUG Config - Config.get(instrumenting, compares) = true
2021-01-30 00:03:15 DEBUG Config - Config.get(instrumenting, inversions) = 1
2021-01-30 00:03:15 DEBUG Config - Config.get(instrumenting, fixes) = true
2021-01-30 00:03:15 DEBUG Config - Config.get(helper, cutoff) = 
2021-01-30 00:06:54 DEBUG Config - Config.get(helper, instrument) = true
2021-01-30 00:06:54 DEBUG Config - Config.get(helper, seed) = 0
2021-01-30 00:06:54 DEBUG Config - Config.get(instrumenting, copies) = true
2021-01-30 00:06:54 DEBUG Config - Config.get(instrumenting, swaps) = true
2021-01-30 00:06:54 DEBUG Config - Config.get(instrumenting, compares) = true
2021-01-30 00:06:54 DEBUG Config - Config.get(instrumenting, inversions) = 1
2021-01-30 00:06:54 DEBUG Config - Config.get(instrumenting, fixes) = true
2021-01-30 00:06:54 DEBUG Config - Config.get(helper, cutoff) = 
2021-01-30 00:07:00 DEBUG Config - Config.get(helper, instrument) = true
2021-01-30 00:07:00 DEBUG Config - Config.get(helper, seed) = 0
2021-01-30 00:07:00 DEBUG Config - Config.get(instrumenting, copies) = true
2021-01-30 00:07:00 DEBUG Config - Config.get(instrumenting, swaps) = true
2021-01-30 00:07:00 DEBUG Config - Config.get(instrumenting, compares) = true
2021-01-30 00:07:00 DEBUG Config - Config.get(instrumenting, inversions) = 1
2021-01-30 00:07:00 DEBUG Config - Config.get(instrumenting, fixes) = true
2021-01-30 00:07:00 DEBUG Config - Config.get(helper, cutoff) = 
2021-01-30 00:07:54 DEBUG Config - Config.get(helper, instrument) = true
2021-01-30 00:07:54 DEBUG Config - Config.get(helper, seed) = 0
2021-01-30 00:07:54 DEBUG Config - Config.get(instrumenting, copies) = true
2021-01-30 00:07:54 DEBUG Config - Config.get(instrumenting, swaps) = true
2021-01-30 00:07:54 DEBUG Config - Config.get(instrumenting, compares) = true
2021-01-30 00:07:54 DEBUG Config - Config.get(instrumenting, inversions) = 1
2021-01-30 00:07:54 DEBUG Config - Config.get(instrumenting, fixes) = true
2021-01-30 00:07:54 DEBUG Config - Config.get(helper, cutoff) = 
2021-01-30 00:08:17 DEBUG Config - Config.get(helper, instrument) = true
2021-01-30 00:08:17 DEBUG Config - Config.get(helper, seed) = 0
2021-01-30 00:08:17 DEBUG Config - Config.get(instrumenting, copies) = true
2021-01-30 00:08:17 DEBUG Config - Config.get(instrumenting, swaps) = true
2021-01-30 00:08:17 DEBUG Config - Config.get(instrumenting, compares) = true
2021-01-30 00:08:17 DEBUG Config - Config.get(instrumenting, inversions) = 1
2021-01-30 00:08:17 DEBUG Config - Config.get(instrumenting, fixes) = true
2021-01-30 00:08:17 DEBUG Config - Config.get(helper, cutoff) = 
2021-01-30 00:08:52 DEBUG Config - Config.get(helper, instrument) = true
2021-01-30 00:08:52 DEBUG Config - Config.get(helper, seed) = 0
2021-01-30 00:08:52 DEBUG Config - Config.get(instrumenting, copies) = true
2021-01-30 00:08:52 DEBUG Config - Config.get(instrumenting, swaps) = true
2021-01-30 00:08:52 DEBUG Config - Config.get(instrumenting, compares) = true
2021-01-30 00:08:52 DEBUG Config - Config.get(instrumenting, inversions) = 1
2021-01-30 00:08:52 DEBUG Config - Config.get(instrumenting, fixes) = true
2021-01-30 00:08:52 DEBUG Config - Config.get(helper, cutoff) = 
2021-01-30 00:09:42 DEBUG Config - Config.get(helper, instrument) = true
2021-01-30 00:09:42 DEBUG Config - Config.get(helper, seed) = 0
2021-01-30 00:09:42 DEBUG Config - Config.get(instrumenting, copies) = true
2021-01-30 00:09:42 DEBUG Config - Config.get(instrumenting, swaps) = true
2021-01-30 00:09:42 DEBUG Config - Config.get(instrumenting, compares) = true
2021-01-30 00:09:42 DEBUG Config - Config.get(instrumenting, inversions) = 1
2021-01-30 00:09:42 DEBUG Config - Config.get(instrumenting, fixes) = true
2021-01-30 00:09:42 DEBUG Config - Config.get(helper, cutoff) = 
2021-01-30 00:10:07 DEBUG Config - Config.get(helper, instrument) = true
2021-01-30 00:10:07 DEBUG Config - Config.get(helper, seed) = 0
2021-01-30 00:10:07 DEBUG Config - Config.get(instrumenting, copies) = true
2021-01-30 00:10:07 DEBUG Config - Config.get(instrumenting, swaps) = true
2021-01-30 00:10:07 DEBUG Config - Config.get(instrumenting, compares) = true
2021-01-30 00:10:07 DEBUG Config - Config.get(instrumenting, inversions) = 1
2021-01-30 00:10:07 DEBUG Config - Config.get(instrumenting, fixes) = true
2021-01-30 00:10:07 DEBUG Config - Config.get(helper, cutoff) = 
2021-01-30 00:12:35 DEBUG Config - Config.get(helper, instrument) = true
2021-01-30 00:12:35 DEBUG Config - Config.get(helper, seed) = 0
2021-01-30 00:12:35 DEBUG Config - Config.get(instrumenting, copies) = true
2021-01-30 00:12:35 DEBUG Config - Config.get(instrumenting, swaps) = true
2021-01-30 00:12:35 DEBUG Config - Config.get(instrumenting, compares) = true
2021-01-30 00:12:35 DEBUG Config - Config.get(instrumenting, inversions) = 1
2021-01-30 00:12:35 DEBUG Config - Config.get(instrumenting, fixes) = true
2021-01-30 00:12:35 DEBUG Config - Config.get(helper, cutoff) = 
2021-01-30 00:13:10 DEBUG Config - Config.get(helper, instrument) = true
2021-01-30 00:13:10 DEBUG Config - Config.get(helper, seed) = 0
2021-01-30 00:13:10 DEBUG Config - Config.get(instrumenting, copies) = true
2021-01-30 00:13:10 DEBUG Config - Config.get(instrumenting, swaps) = true
2021-01-30 00:13:10 DEBUG Config - Config.get(instrumenting, compares) = true
2021-01-30 00:13:10 DEBUG Config - Config.get(instrumenting, inversions) = 1
2021-01-30 00:13:10 DEBUG Config - Config.get(instrumenting, fixes) = true
2021-01-30 00:13:10 DEBUG Config - Config.get(helper, cutoff) = 
2021-01-30 00:13:29 DEBUG Config - Config.get(helper, instrument) = true
2021-01-30 00:13:29 DEBUG Config - Config.get(helper, seed) = 0
2021-01-30 00:13:29 DEBUG Config - Config.get(instrumenting, copies) = true
2021-01-30 00:13:29 DEBUG Config - Config.get(instrumenting, swaps) = true
2021-01-30 00:13:29 DEBUG Config - Config.get(instrumenting, compares) = true
2021-01-30 00:13:29 DEBUG Config - Config.get(instrumenting, inversions) = 1
2021-01-30 00:13:29 DEBUG Config - Config.get(instrumenting, fixes) = true
2021-01-30 00:13:29 DEBUG Config - Config.get(helper, cutoff) = 
2021-01-30 00:33:05 DEBUG Config - Config.get(helper, instrument) = true
2021-01-30 00:33:05 DEBUG Config - Config.get(helper, seed) = 0
2021-01-30 00:33:05 DEBUG Config - Config.get(instrumenting, copies) = true
2021-01-30 00:33:05 DEBUG Config - Config.get(instrumenting, swaps) = true
2021-01-30 00:33:05 DEBUG Config - Config.get(instrumenting, compares) = true
2021-01-30 00:33:05 DEBUG Config - Config.get(instrumenting, inversions) = 1
2021-01-30 00:33:05 DEBUG Config - Config.get(instrumenting, fixes) = true
2021-01-30 00:33:05 DEBUG Config - Config.get(helper, cutoff) = 
2021-01-30 00:33:14 DEBUG Config - Config.get(helper, instrument) = true
2021-01-30 00:33:14 DEBUG Config - Config.get(helper, seed) = 0
2021-01-30 00:33:14 DEBUG Config - Config.get(instrumenting, copies) = true
2021-01-30 00:33:14 DEBUG Config - Config.get(instrumenting, swaps) = true
2021-01-30 00:33:14 DEBUG Config - Config.get(instrumenting, compares) = true
2021-01-30 00:33:14 DEBUG Config - Config.get(instrumenting, inversions) = 1
2021-01-30 00:33:14 DEBUG Config - Config.get(instrumenting, fixes) = true
2021-01-30 00:33:14 DEBUG Config - Config.get(helper, cutoff) = 
2021-01-30 01:42:39 DEBUG Config - Config.get(helper, instrument) = true
2021-01-30 01:42:39 DEBUG Config - Config.get(helper, seed) = 0
2021-01-30 01:42:39 DEBUG Config - Config.get(instrumenting, copies) = true
2021-01-30 01:42:39 DEBUG Config - Config.get(instrumenting, swaps) = true
2021-01-30 01:42:39 DEBUG Config - Config.get(instrumenting, compares) = true
2021-01-30 01:42:39 DEBUG Config - Config.get(instrumenting, inversions) = 1
2021-01-30 01:42:39 DEBUG Config - Config.get(instrumenting, fixes) = true
2021-01-30 01:42:39 DEBUG Config - Config.get(helper, cutoff) = 
2021-01-30 01:42:39 INFO  Benchmark_Timer - Begin run: testWaitPeriods with 2 runs
2021-01-30 01:42:40 DEBUG Config - Config.get(main, version) = 1.0.0 (test)
